[ {
  "id" : "test",
  "realm" : "test",
  "notBefore" : 0,
  "revokeRefreshToken" : false,
  "accessTokenLifespan" : 300,
  "accessTokenLifespanForImplicitFlow" : 900,
  "ssoSessionIdleTimeout" : 1800,
  "ssoSessionMaxLifespan" : 36000,
  "offlineSessionIdleTimeout" : 2592000,
  "accessCodeLifespan" : 60,
  "accessCodeLifespanUserAction" : 300,
  "accessCodeLifespanLogin" : 1800,
  "enabled" : true,
  "sslRequired" : "external",
  "registrationAllowed" : false,
  "registrationEmailAsUsername" : false,
  "rememberMe" : true,
  "verifyEmail" : false,
  "loginWithEmailAllowed" : false,
  "duplicateEmailsAllowed" : false,
  "resetPasswordAllowed" : false,
  "editUsernameAllowed" : false,
  "bruteForceProtected" : false,
  "maxFailureWaitSeconds" : 900,
  "minimumQuickLoginWaitSeconds" : 60,
  "waitIncrementSeconds" : 60,
  "quickLoginCheckMilliSeconds" : 1000,
  "maxDeltaTimeSeconds" : 43200,
  "failureFactor" : 30,
  "defaultRoles" : [ "uma_authorization", "offline_access" ],
  "requiredCredentials" : [ "password" ],
  "passwordPolicy" : "hashIterations(20000)",
  "otpPolicyType" : "totp",
  "otpPolicyAlgorithm" : "HmacSHA1",
  "otpPolicyInitialCounter" : 0,
  "otpPolicyDigits" : 6,
  "otpPolicyLookAheadWindow" : 1,
  "otpPolicyPeriod" : 30,
  "browserSecurityHeaders" : {
    "xContentTypeOptions" : "nosniff",
    "xFrameOptions" : "SAMEORIGIN",
    "contentSecurityPolicy" : "frame-src 'self'"
  },
  "smtpServer" : { },
  "loginTheme" : "keycloak",
  "accountTheme" : "keycloak",
  "adminTheme" : "keycloak",
  "emailTheme" : "keycloak",
  "eventsEnabled" : false,
  "eventsListeners" : [ "jboss-logging" ],
  "enabledEventTypes" : [ ],
  "adminEventsEnabled" : false,
  "adminEventsDetailsEnabled" : false,
  "internationalizationEnabled" : false,
  "supportedLocales" : [ ],
  "browserFlow" : "browser",
  "registrationFlow" : "registration",
  "directGrantFlow" : "direct grant",
  "resetCredentialsFlow" : "reset credentials",
  "clientAuthenticationFlow" : "clients",
  "attributes" : {
    "failureFactor" : "30",
    "_browser_header.xFrameOptions" : "SAMEORIGIN",
    "quickLoginCheckMilliSeconds" : "1000",
    "maxDeltaTimeSeconds" : "43200",
    "_browser_header.xContentTypeOptions" : "nosniff",
    "bruteForceProtected" : "false",
    "maxFailureWaitSeconds" : "900",
    "minimumQuickLoginWaitSeconds" : "60",
    "_browser_header.contentSecurityPolicy" : "frame-src 'self'",
    "waitIncrementSeconds" : "60"
  }
}, {
  "id" : "master",
  "realm" : "master",
  "displayName" : "Keycloak",
  "displayNameHtml" : "<div class=\"kc-logo-text\"><span>Keycloak</span></div>",
  "notBefore" : 0,
  "revokeRefreshToken" : false,
  "accessTokenLifespan" : 60,
  "accessTokenLifespanForImplicitFlow" : 900,
  "ssoSessionIdleTimeout" : 1800,
  "ssoSessionMaxLifespan" : 36000,
  "offlineSessionIdleTimeout" : 2592000,
  "accessCodeLifespan" : 60,
  "accessCodeLifespanUserAction" : 300,
  "accessCodeLifespanLogin" : 1800,
  "enabled" : true,
  "sslRequired" : "external",
  "registrationAllowed" : false,
  "registrationEmailAsUsername" : false,
  "rememberMe" : false,
  "verifyEmail" : false,
  "loginWithEmailAllowed" : true,
  "duplicateEmailsAllowed" : false,
  "resetPasswordAllowed" : false,
  "editUsernameAllowed" : false,
  "bruteForceProtected" : false,
  "maxFailureWaitSeconds" : 900,
  "minimumQuickLoginWaitSeconds" : 60,
  "waitIncrementSeconds" : 60,
  "quickLoginCheckMilliSeconds" : 1000,
  "maxDeltaTimeSeconds" : 43200,
  "failureFactor" : 30,
  "defaultRoles" : [ "uma_authorization", "offline_access" ],
  "requiredCredentials" : [ "password" ],
  "passwordPolicy" : "hashIterations(20000)",
  "otpPolicyType" : "totp",
  "otpPolicyAlgorithm" : "HmacSHA1",
  "otpPolicyInitialCounter" : 0,
  "otpPolicyDigits" : 6,
  "otpPolicyLookAheadWindow" : 1,
  "otpPolicyPeriod" : 30,
  "browserSecurityHeaders" : {
    "xContentTypeOptions" : "nosniff",
    "xFrameOptions" : "SAMEORIGIN",
    "contentSecurityPolicy" : "frame-src 'self'"
  },
  "smtpServer" : { },
  "eventsEnabled" : false,
  "eventsListeners" : [ "jboss-logging" ],
  "enabledEventTypes" : [ ],
  "adminEventsEnabled" : false,
  "adminEventsDetailsEnabled" : false,
  "internationalizationEnabled" : false,
  "supportedLocales" : [ ],
  "browserFlow" : "browser",
  "registrationFlow" : "registration",
  "directGrantFlow" : "direct grant",
  "resetCredentialsFlow" : "reset credentials",
  "clientAuthenticationFlow" : "clients",
  "attributes" : {
    "failureFactor" : "30",
    "_browser_header.xFrameOptions" : "SAMEORIGIN",
    "quickLoginCheckMilliSeconds" : "1000",
    "maxDeltaTimeSeconds" : "43200",
    "displayName" : "Keycloak",
    "_browser_header.xContentTypeOptions" : "nosniff",
    "bruteForceProtected" : "false",
    "maxFailureWaitSeconds" : "900",
    "displayNameHtml" : "<div class=\"kc-logo-text\"><span>Keycloak</span></div>",
    "minimumQuickLoginWaitSeconds" : "60",
    "_browser_header.contentSecurityPolicy" : "frame-src 'self'",
    "waitIncrementSeconds" : "60"
  }
} ]
